[2025-12-09 12:47:02,080: INFO: main]: This is a log message from main.py]
[2025-12-09 17:29:25,811: INFO: main]: This is a log message from main.py]
[2025-12-09 17:31:57,685: INFO: main]: This is a log message from main.py]
[2025-12-09 17:31:57,974: INFO: main]: >>>>>> Stage Data Ingestion Stage started <<<<<<]
[2025-12-09 17:31:57,976: INFO: common]: created directory at: artifacts]
[2025-12-09 17:31:57,976: INFO: common]: created directory at: artifacts/data_ingestion]
[2025-12-09 17:31:57,976: INFO: data_ingestion]: File already exists of size: ~ 11345 KB]
[2025-12-09 17:31:58,114: INFO: main]: >>>>>> Stage Data Ingestion Stage completed <<<<<<

x==========x]
[2025-12-13 15:05:37,861: WARNING: saving_api]: You are saving your model as an HDF5 file via `model.save()` or `keras.saving.save_model(model)`. This file format is considered legacy. We recommend using instead the native Keras format, e.g. `model.save('my_model.keras')` or `keras.saving.save_model(model, 'my_model.keras')`. ]
[2025-12-13 15:13:32,173: WARNING: saving_api]: You are saving your model as an HDF5 file via `model.save()` or `keras.saving.save_model(model)`. This file format is considered legacy. We recommend using instead the native Keras format, e.g. `model.save('my_model.keras')` or `keras.saving.save_model(model, 'my_model.keras')`. ]
[2025-12-13 15:13:32,348: WARNING: saving_api]: You are saving your model as an HDF5 file via `model.save()` or `keras.saving.save_model(model)`. This file format is considered legacy. We recommend using instead the native Keras format, e.g. `model.save('my_model.keras')` or `keras.saving.save_model(model, 'my_model.keras')`. ]
[2025-12-13 15:29:06,516: INFO: main]: This is a log message from main.py]
[2025-12-13 15:29:06,516: INFO: main]: >>>>>> Stage Data Ingestion Stage started <<<<<<]
[2025-12-13 15:29:06,521: INFO: common]: created directory at: artifacts]
[2025-12-13 15:29:06,521: INFO: common]: created directory at: artifacts/data_ingestion]
[2025-12-13 15:29:39,900: INFO: data_ingestion]: artifacts/data_ingestion/data.zip download! with following info: 
Connection: close
Content-Length: 11616915
Cache-Control: max-age=300
Content-Security-Policy: default-src 'none'; style-src 'unsafe-inline'; sandbox
Content-Type: application/zip
ETag: "adf745abc03891fe493c3be264ec012691fe3fa21d861f35a27edbe6d86a76b1"
Strict-Transport-Security: max-age=31536000
X-Content-Type-Options: nosniff
X-Frame-Options: deny
X-XSS-Protection: 1; mode=block
X-GitHub-Request-Id: AE80:3176:F2453:1B2160:693D38EC
Accept-Ranges: bytes
Date: Sat, 13 Dec 2025 09:59:08 GMT
Via: 1.1 varnish
X-Served-By: cache-sin-wsss1830091-SIN
X-Cache: MISS
X-Cache-Hits: 0
X-Timer: S1765619948.274265,VS0,VE617
Vary: Authorization,Accept-Encoding
Access-Control-Allow-Origin: *
Cross-Origin-Resource-Policy: cross-origin
X-Fastly-Request-ID: dc096ad887163cf102da7269a40da4866522291b
Expires: Sat, 13 Dec 2025 10:04:08 GMT
Source-Age: 0

]
[2025-12-13 15:29:40,095: INFO: main]: >>>>>> Stage Data Ingestion Stage completed <<<<<<

x==========x]
[2025-12-13 15:29:40,095: INFO: main]: >>>>>> Stage Prepare Base Model Stage started <<<<<<]
[2025-12-13 15:29:40,095: INFO: common]: created directory at: artifacts]
[2025-12-13 15:29:40,095: INFO: common]: created directory at: artifacts/prepare_base_model]
[2025-12-13 15:29:40,756: WARNING: saving_api]: You are saving your model as an HDF5 file via `model.save()` or `keras.saving.save_model(model)`. This file format is considered legacy. We recommend using instead the native Keras format, e.g. `model.save('my_model.keras')` or `keras.saving.save_model(model, 'my_model.keras')`. ]
[2025-12-13 15:29:40,904: WARNING: saving_api]: You are saving your model as an HDF5 file via `model.save()` or `keras.saving.save_model(model)`. This file format is considered legacy. We recommend using instead the native Keras format, e.g. `model.save('my_model.keras')` or `keras.saving.save_model(model, 'my_model.keras')`. ]
[2025-12-13 15:29:41,022: INFO: main]: >>>>>> Stage Prepare Base Model Stage completed <<<<<<

x==========x]
[2025-12-13 16:02:34,903: INFO: common]: created directory at: artifacts]
[2025-12-13 16:02:34,907: INFO: common]: created directory at: artifacts\prepare_callbacks\checkpoint_dir]
[2025-12-13 16:02:34,907: INFO: common]: created directory at: artifacts\prepare_callbacks\tensorboard_log_dir]
[2025-12-13 17:44:10,588: INFO: common]: created directory at: artifacts]
[2025-12-13 17:44:10,588: INFO: common]: created directory at: artifacts\prepare_callbacks\checkpoint_dir]
[2025-12-13 17:44:10,588: INFO: common]: created directory at: artifacts\prepare_callbacks\tensorboard_log_dir]
[2025-12-13 17:44:10,588: INFO: common]: created directory at: artifacts\training]
[2025-12-13 17:47:40,764: INFO: common]: created directory at: artifacts]
[2025-12-13 17:47:40,768: INFO: common]: created directory at: artifacts\prepare_callbacks\checkpoint_dir]
[2025-12-13 17:47:40,768: INFO: common]: created directory at: artifacts\prepare_callbacks\tensorboard_log_dir]
[2025-12-13 17:47:40,768: INFO: common]: created directory at: artifacts\training]
[2025-12-13 17:48:01,222: INFO: common]: created directory at: artifacts]
[2025-12-13 17:48:01,222: INFO: common]: created directory at: artifacts\prepare_callbacks\checkpoint_dir]
[2025-12-13 17:48:01,222: INFO: common]: created directory at: artifacts\prepare_callbacks\tensorboard_log_dir]
[2025-12-13 17:48:01,222: INFO: common]: created directory at: artifacts\training]
[2025-12-13 17:48:01,787: WARNING: saving_utils]: Compiled the loaded model, but the compiled metrics have yet to be built. `model.compile_metrics` will be empty until you train or evaluate the model.]
[2025-12-13 18:03:02,963: INFO: common]: created directory at: artifacts]
[2025-12-13 18:03:02,963: INFO: common]: created directory at: artifacts\prepare_callbacks\checkpoint_dir]
[2025-12-13 18:03:02,963: INFO: common]: created directory at: artifacts\prepare_callbacks\tensorboard_log_dir]
[2025-12-13 18:03:02,963: INFO: common]: created directory at: artifacts\training]
[2025-12-13 18:03:03,774: WARNING: saving_utils]: Compiled the loaded model, but the compiled metrics have yet to be built. `model.compile_metrics` will be empty until you train or evaluate the model.]
[2025-12-13 18:05:18,400: INFO: common]: created directory at: artifacts]
[2025-12-13 18:05:18,400: INFO: common]: created directory at: artifacts\prepare_callbacks\checkpoint_dir]
[2025-12-13 18:05:18,400: INFO: common]: created directory at: artifacts\prepare_callbacks\tensorboard_log_dir]
[2025-12-13 18:05:18,400: INFO: common]: created directory at: artifacts\training]
[2025-12-13 18:05:18,925: WARNING: saving_utils]: Compiled the loaded model, but the compiled metrics have yet to be built. `model.compile_metrics` will be empty until you train or evaluate the model.]
[2025-12-13 18:44:50,235: INFO: main]: This is a log message from main.py]
[2025-12-13 18:44:50,238: INFO: main]: >>>>>> Stage Data Ingestion Stage started <<<<<<]
[2025-12-13 18:44:50,240: INFO: common]: created directory at: artifacts]
[2025-12-13 18:44:50,240: INFO: common]: created directory at: artifacts/data_ingestion]
[2025-12-13 18:44:50,240: INFO: data_ingestion]: File already exists of size: ~ 11345 KB]
[2025-12-13 18:44:50,389: INFO: main]: >>>>>> Stage Data Ingestion Stage completed <<<<<<

x==========x]
[2025-12-13 18:44:50,389: INFO: main]: >>>>>> Stage Prepare Base Model Stage started <<<<<<]
[2025-12-13 18:44:50,398: INFO: common]: created directory at: artifacts]
[2025-12-13 18:44:50,398: INFO: common]: created directory at: artifacts/prepare_base_model]
[2025-12-13 18:44:51,000: WARNING: saving_api]: You are saving your model as an HDF5 file via `model.save()` or `keras.saving.save_model(model)`. This file format is considered legacy. We recommend using instead the native Keras format, e.g. `model.save('my_model.keras')` or `keras.saving.save_model(model, 'my_model.keras')`. ]
[2025-12-13 18:44:51,140: WARNING: saving_api]: You are saving your model as an HDF5 file via `model.save()` or `keras.saving.save_model(model)`. This file format is considered legacy. We recommend using instead the native Keras format, e.g. `model.save('my_model.keras')` or `keras.saving.save_model(model, 'my_model.keras')`. ]
[2025-12-13 18:44:51,245: INFO: main]: >>>>>> Stage Prepare Base Model Stage completed <<<<<<

x==========x]
[2025-12-13 18:44:51,254: INFO: main]: >>>>>> Stage Training Stage started <<<<<<]
[2025-12-13 18:44:51,254: INFO: common]: created directory at: artifacts]
[2025-12-13 18:44:51,258: INFO: common]: created directory at: artifacts\prepare_callbacks\checkpoint_dir]
[2025-12-13 18:44:51,258: INFO: common]: created directory at: artifacts\prepare_callbacks\tensorboard_log_dir]
[2025-12-13 18:44:51,258: ERROR: main]: PrepareCallbacksConfig.__init__() got an unexpected keyword argument 'tensorboard_root_log_dir']
Traceback (most recent call last):
  File "C:\Users\User\Documents\CNN\Chicken disease\Chicken-disease-classification\main.py", line 98, in <module>
    model_trainer.main()
  File "C:\Users\User\Documents\CNN\Chicken disease\Chicken-disease-classification\src\chicken_disease_prediction\pipeline\stage_03_training.py", line 17, in main
    prepare_callbacks_config = config.get_prepare_callback_config()
                               ^^^^^^^^^^^^^^^^^^^^^^^^^^^^^^^^^^^^
  File "C:\Users\User\Documents\CNN\Chicken disease\Chicken-disease-classification\src\chicken_disease_prediction\config\configuration.py", line 62, in get_prepare_callback_config
    prepare_callback_config = PrepareCallbacksConfig(
                              ^^^^^^^^^^^^^^^^^^^^^^^
TypeError: PrepareCallbacksConfig.__init__() got an unexpected keyword argument 'tensorboard_root_log_dir'
[2025-12-13 18:47:35,357: INFO: main]: This is a log message from main.py]
[2025-12-13 18:47:35,357: INFO: main]: >>>>>> Stage Data Ingestion Stage started <<<<<<]
[2025-12-13 18:47:35,357: INFO: common]: created directory at: artifacts]
[2025-12-13 18:47:35,357: INFO: common]: created directory at: artifacts/data_ingestion]
[2025-12-13 18:47:35,357: INFO: data_ingestion]: File already exists of size: ~ 11345 KB]
[2025-12-13 18:47:35,515: INFO: main]: >>>>>> Stage Data Ingestion Stage completed <<<<<<

x==========x]
[2025-12-13 18:47:35,531: INFO: main]: >>>>>> Stage Prepare Base Model Stage started <<<<<<]
[2025-12-13 18:47:35,531: INFO: common]: created directory at: artifacts]
[2025-12-13 18:47:35,547: INFO: common]: created directory at: artifacts/prepare_base_model]
[2025-12-13 18:47:36,149: WARNING: saving_api]: You are saving your model as an HDF5 file via `model.save()` or `keras.saving.save_model(model)`. This file format is considered legacy. We recommend using instead the native Keras format, e.g. `model.save('my_model.keras')` or `keras.saving.save_model(model, 'my_model.keras')`. ]
[2025-12-13 18:47:36,312: WARNING: saving_api]: You are saving your model as an HDF5 file via `model.save()` or `keras.saving.save_model(model)`. This file format is considered legacy. We recommend using instead the native Keras format, e.g. `model.save('my_model.keras')` or `keras.saving.save_model(model, 'my_model.keras')`. ]
[2025-12-13 18:47:36,418: INFO: main]: >>>>>> Stage Prepare Base Model Stage completed <<<<<<

x==========x]
[2025-12-13 18:47:36,418: INFO: main]: >>>>>> Stage Training Stage started <<<<<<]
[2025-12-13 18:47:36,418: INFO: common]: created directory at: artifacts]
[2025-12-13 18:47:36,418: INFO: common]: created directory at: artifacts\prepare_callbacks\checkpoint_dir]
[2025-12-13 18:47:36,418: INFO: common]: created directory at: artifacts\prepare_callbacks\tensorboard_log_dir]
[2025-12-13 18:47:36,418: INFO: common]: created directory at: artifacts/training]
[2025-12-13 18:47:36,418: ERROR: main]: "'ConfigBox' object has no attribute 'updated_base_model_path'"]
Traceback (most recent call last):
  File "C:\Users\User\anaconda3\envs\chicken\Lib\site-packages\box\box.py", line 503, in __getitem__
    return super().__getitem__(item)
           ^^^^^^^^^^^^^^^^^^^^^^^^^
KeyError: 'updated_base_model_path'

The above exception was the direct cause of the following exception:

Traceback (most recent call last):
  File "C:\Users\User\anaconda3\envs\chicken\Lib\site-packages\box\box.py", line 536, in __getattr__
    value = self.__getitem__(item, _ignore_default=True)
            ^^^^^^^^^^^^^^^^^^^^^^^^^^^^^^^^^^^^^^^^^^^^
  File "C:\Users\User\anaconda3\envs\chicken\Lib\site-packages\box\box.py", line 524, in __getitem__
    raise BoxKeyError(str(err)) from _exception_cause(err)
box.exceptions.BoxKeyError: "'updated_base_model_path'"

During handling of the above exception, another exception occurred:

Traceback (most recent call last):
  File "C:\Users\User\anaconda3\envs\chicken\Lib\site-packages\box\box.py", line 538, in __getattr__
    value = object.__getattribute__(self, item)
            ^^^^^^^^^^^^^^^^^^^^^^^^^^^^^^^^^^^
AttributeError: 'ConfigBox' object has no attribute 'updated_base_model_path'

The above exception was the direct cause of the following exception:

Traceback (most recent call last):
  File "C:\Users\User\anaconda3\envs\chicken\Lib\site-packages\box\config_box.py", line 28, in __getattr__
    return super().__getattr__(item)
           ^^^^^^^^^^^^^^^^^^^^^^^^^
  File "C:\Users\User\anaconda3\envs\chicken\Lib\site-packages\box\box.py", line 552, in __getattr__
    raise BoxKeyError(str(err)) from _exception_cause(err)
box.exceptions.BoxKeyError: "'ConfigBox' object has no attribute 'updated_base_model_path'"

During handling of the above exception, another exception occurred:

Traceback (most recent call last):
  File "C:\Users\User\anaconda3\envs\chicken\Lib\site-packages\box\box.py", line 503, in __getitem__
    return super().__getitem__(item)
           ^^^^^^^^^^^^^^^^^^^^^^^^^
KeyError: 'updated_base_model_path'

The above exception was the direct cause of the following exception:

Traceback (most recent call last):
  File "C:\Users\User\anaconda3\envs\chicken\Lib\site-packages\box\box.py", line 536, in __getattr__
    value = self.__getitem__(item, _ignore_default=True)
            ^^^^^^^^^^^^^^^^^^^^^^^^^^^^^^^^^^^^^^^^^^^^
  File "C:\Users\User\anaconda3\envs\chicken\Lib\site-packages\box\box.py", line 524, in __getitem__
    raise BoxKeyError(str(err)) from _exception_cause(err)
box.exceptions.BoxKeyError: "'updated_base_model_path'"

During handling of the above exception, another exception occurred:

Traceback (most recent call last):
  File "C:\Users\User\anaconda3\envs\chicken\Lib\site-packages\box\box.py", line 538, in __getattr__
    value = object.__getattribute__(self, item)
            ^^^^^^^^^^^^^^^^^^^^^^^^^^^^^^^^^^^
AttributeError: 'ConfigBox' object has no attribute 'updated_base_model_path'

The above exception was the direct cause of the following exception:

Traceback (most recent call last):
  File "C:\Users\User\Documents\CNN\Chicken disease\Chicken-disease-classification\main.py", line 98, in <module>
    model_trainer.main()
  File "C:\Users\User\Documents\CNN\Chicken disease\Chicken-disease-classification\src\chicken_disease_prediction\pipeline\stage_03_training.py", line 22, in main
    training_config = config.get_training_config()
                      ^^^^^^^^^^^^^^^^^^^^^^^^^^^^
  File "C:\Users\User\Documents\CNN\Chicken disease\Chicken-disease-classification\src\chicken_disease_prediction\config\configuration.py", line 86, in get_training_config
    updated_base_model_path= config.updated_base_model_path,
                             ^^^^^^^^^^^^^^^^^^^^^^^^^^^^^^
  File "C:\Users\User\anaconda3\envs\chicken\Lib\site-packages\box\config_box.py", line 30, in __getattr__
    return super().__getattr__(item.lower())
           ^^^^^^^^^^^^^^^^^^^^^^^^^^^^^^^^^
  File "C:\Users\User\anaconda3\envs\chicken\Lib\site-packages\box\box.py", line 552, in __getattr__
    raise BoxKeyError(str(err)) from _exception_cause(err)
box.exceptions.BoxKeyError: "'ConfigBox' object has no attribute 'updated_base_model_path'"
[2025-12-13 18:51:10,217: INFO: main]: This is a log message from main.py]
[2025-12-13 18:51:10,217: INFO: main]: >>>>>> Stage Data Ingestion Stage started <<<<<<]
[2025-12-13 18:51:10,217: INFO: common]: created directory at: artifacts]
[2025-12-13 18:51:10,217: INFO: common]: created directory at: artifacts/data_ingestion]
[2025-12-13 18:51:10,217: INFO: data_ingestion]: File already exists of size: ~ 11345 KB]
[2025-12-13 18:51:10,378: INFO: main]: >>>>>> Stage Data Ingestion Stage completed <<<<<<

x==========x]
[2025-12-13 18:51:10,378: INFO: main]: >>>>>> Stage Prepare Base Model Stage started <<<<<<]
[2025-12-13 18:51:10,378: INFO: common]: created directory at: artifacts]
[2025-12-13 18:51:10,378: INFO: common]: created directory at: artifacts/prepare_base_model]
[2025-12-13 18:51:10,949: WARNING: saving_api]: You are saving your model as an HDF5 file via `model.save()` or `keras.saving.save_model(model)`. This file format is considered legacy. We recommend using instead the native Keras format, e.g. `model.save('my_model.keras')` or `keras.saving.save_model(model, 'my_model.keras')`. ]
[2025-12-13 18:51:11,078: WARNING: saving_api]: You are saving your model as an HDF5 file via `model.save()` or `keras.saving.save_model(model)`. This file format is considered legacy. We recommend using instead the native Keras format, e.g. `model.save('my_model.keras')` or `keras.saving.save_model(model, 'my_model.keras')`. ]
[2025-12-13 18:51:11,183: INFO: main]: >>>>>> Stage Prepare Base Model Stage completed <<<<<<

x==========x]
[2025-12-13 18:51:11,183: INFO: main]: >>>>>> Stage Training Stage started <<<<<<]
[2025-12-13 18:51:11,193: INFO: common]: created directory at: artifacts]
[2025-12-13 18:51:11,193: INFO: common]: created directory at: artifacts\prepare_callbacks\checkpoint_dir]
[2025-12-13 18:51:11,193: INFO: common]: created directory at: artifacts\prepare_callbacks\tensorboard_log_dir]
[2025-12-13 18:51:11,193: INFO: common]: created directory at: artifacts/training]
[2025-12-13 18:51:11,499: WARNING: saving_utils]: Compiled the loaded model, but the compiled metrics have yet to be built. `model.compile_metrics` will be empty until you train or evaluate the model.]
[2025-12-13 18:51:11,499: ERROR: main]: 'TrainingConfig' object has no attribute 'training_data']
Traceback (most recent call last):
  File "C:\Users\User\Documents\CNN\Chicken disease\Chicken-disease-classification\main.py", line 98, in <module>
    model_trainer.main()
  File "C:\Users\User\Documents\CNN\Chicken disease\Chicken-disease-classification\src\chicken_disease_prediction\pipeline\stage_03_training.py", line 25, in main
    training.train_valid_generator()
  File "C:\Users\User\Documents\CNN\Chicken disease\Chicken-disease-classification\src\chicken_disease_prediction\components\training.py", line 33, in train_valid_generator
    directory=self.config.training_data,
              ^^^^^^^^^^^^^^^^^^^^^^^^^
AttributeError: 'TrainingConfig' object has no attribute 'training_data'
[2025-12-13 18:53:33,051: INFO: main]: This is a log message from main.py]
[2025-12-13 18:53:33,051: INFO: main]: >>>>>> Stage Data Ingestion Stage started <<<<<<]
[2025-12-13 18:53:33,051: INFO: common]: created directory at: artifacts]
[2025-12-13 18:53:33,051: INFO: common]: created directory at: artifacts/data_ingestion]
[2025-12-13 18:53:33,051: INFO: data_ingestion]: File already exists of size: ~ 11345 KB]
[2025-12-13 18:53:33,199: INFO: main]: >>>>>> Stage Data Ingestion Stage completed <<<<<<

x==========x]
[2025-12-13 18:53:33,199: INFO: main]: >>>>>> Stage Prepare Base Model Stage started <<<<<<]
[2025-12-13 18:53:33,207: INFO: common]: created directory at: artifacts]
[2025-12-13 18:53:33,207: INFO: common]: created directory at: artifacts/prepare_base_model]
[2025-12-13 18:53:33,772: WARNING: saving_api]: You are saving your model as an HDF5 file via `model.save()` or `keras.saving.save_model(model)`. This file format is considered legacy. We recommend using instead the native Keras format, e.g. `model.save('my_model.keras')` or `keras.saving.save_model(model, 'my_model.keras')`. ]
[2025-12-13 18:53:33,915: WARNING: saving_api]: You are saving your model as an HDF5 file via `model.save()` or `keras.saving.save_model(model)`. This file format is considered legacy. We recommend using instead the native Keras format, e.g. `model.save('my_model.keras')` or `keras.saving.save_model(model, 'my_model.keras')`. ]
[2025-12-13 18:53:34,015: INFO: main]: >>>>>> Stage Prepare Base Model Stage completed <<<<<<

x==========x]
[2025-12-13 18:53:34,015: INFO: main]: >>>>>> Stage Training Stage started <<<<<<]
[2025-12-13 18:53:34,015: INFO: common]: created directory at: artifacts]
[2025-12-13 18:53:34,015: INFO: common]: created directory at: artifacts\prepare_callbacks\checkpoint_dir]
[2025-12-13 18:53:34,015: INFO: common]: created directory at: artifacts\prepare_callbacks\tensorboard_log_dir]
[2025-12-13 18:53:34,026: INFO: common]: created directory at: artifacts/training]
[2025-12-13 18:53:34,026: ERROR: main]: TrainingConfig.__init__() got an unexpected keyword argument 'training_data']
Traceback (most recent call last):
  File "C:\Users\User\Documents\CNN\Chicken disease\Chicken-disease-classification\main.py", line 98, in <module>
    model_trainer.main()
  File "C:\Users\User\Documents\CNN\Chicken disease\Chicken-disease-classification\src\chicken_disease_prediction\pipeline\stage_03_training.py", line 22, in main
    training_config = config.get_training_config()
                      ^^^^^^^^^^^^^^^^^^^^^^^^^^^^
  File "C:\Users\User\Documents\CNN\Chicken disease\Chicken-disease-classification\src\chicken_disease_prediction\config\configuration.py", line 87, in get_training_config
    training_config = TrainingConfig(
                      ^^^^^^^^^^^^^^^
TypeError: TrainingConfig.__init__() got an unexpected keyword argument 'training_data'
[2025-12-13 19:08:29,599: INFO: main]: This is a log message from main.py]
[2025-12-13 19:08:29,599: INFO: main]: >>>>>> Stage Data Ingestion Stage started <<<<<<]
[2025-12-13 19:08:29,599: INFO: common]: created directory at: artifacts]
[2025-12-13 19:08:29,599: INFO: common]: created directory at: artifacts/data_ingestion]
[2025-12-13 19:08:29,599: INFO: data_ingestion]: File already exists of size: ~ 11345 KB]
[2025-12-13 19:08:29,737: INFO: main]: >>>>>> Stage Data Ingestion Stage completed <<<<<<

x==========x]
[2025-12-13 19:08:29,737: INFO: main]: >>>>>> Stage Prepare Base Model Stage started <<<<<<]
[2025-12-13 19:08:29,754: INFO: common]: created directory at: artifacts]
[2025-12-13 19:08:29,754: INFO: common]: created directory at: artifacts/prepare_base_model]
[2025-12-13 19:08:30,314: WARNING: saving_api]: You are saving your model as an HDF5 file via `model.save()` or `keras.saving.save_model(model)`. This file format is considered legacy. We recommend using instead the native Keras format, e.g. `model.save('my_model.keras')` or `keras.saving.save_model(model, 'my_model.keras')`. ]
[2025-12-13 19:08:30,447: WARNING: saving_api]: You are saving your model as an HDF5 file via `model.save()` or `keras.saving.save_model(model)`. This file format is considered legacy. We recommend using instead the native Keras format, e.g. `model.save('my_model.keras')` or `keras.saving.save_model(model, 'my_model.keras')`. ]
[2025-12-13 19:08:30,546: INFO: main]: >>>>>> Stage Prepare Base Model Stage completed <<<<<<

x==========x]
[2025-12-13 19:08:30,546: INFO: main]: >>>>>> Stage Training Stage started <<<<<<]
[2025-12-13 19:08:30,553: INFO: common]: created directory at: artifacts]
[2025-12-13 19:08:30,553: INFO: common]: created directory at: artifacts\prepare_callbacks\checkpoint_dir]
[2025-12-13 19:08:30,553: INFO: common]: created directory at: artifacts\prepare_callbacks\tensorboard_log_dir]
[2025-12-13 19:08:30,553: INFO: common]: created directory at: artifacts/training]
[2025-12-13 19:08:30,868: WARNING: saving_utils]: Compiled the loaded model, but the compiled metrics have yet to be built. `model.compile_metrics` will be empty until you train or evaluate the model.]
[2025-12-13 19:08:32,146: ERROR: main]: Argument `output` must have rank (ndim) `target.ndim - 1`. Received: target.shape=(None, 2), output.shape=(None, 2)]
Traceback (most recent call last):
  File "C:\Users\User\Documents\CNN\Chicken disease\Chicken-disease-classification\main.py", line 98, in <module>
    model_trainer.main()
  File "C:\Users\User\Documents\CNN\Chicken disease\Chicken-disease-classification\src\chicken_disease_prediction\pipeline\stage_03_training.py", line 26, in main
    training.train(
  File "C:\Users\User\Documents\CNN\Chicken disease\Chicken-disease-classification\src\chicken_disease_prediction\components\training.py", line 68, in train
    self.model.fit(
  File "C:\Users\User\anaconda3\envs\chicken\Lib\site-packages\keras\src\utils\traceback_utils.py", line 122, in error_handler
    raise e.with_traceback(filtered_tb) from None
  File "C:\Users\User\anaconda3\envs\chicken\Lib\site-packages\keras\src\backend\tensorflow\nn.py", line 734, in sparse_categorical_crossentropy
    raise ValueError(
ValueError: Argument `output` must have rank (ndim) `target.ndim - 1`. Received: target.shape=(None, 2), output.shape=(None, 2)
[2025-12-13 19:12:16,668: INFO: main]: This is a log message from main.py]
[2025-12-13 19:12:16,670: INFO: main]: >>>>>> Stage Data Ingestion Stage started <<<<<<]
[2025-12-13 19:12:16,672: INFO: common]: created directory at: artifacts]
[2025-12-13 19:12:16,672: INFO: common]: created directory at: artifacts/data_ingestion]
[2025-12-13 19:12:16,672: INFO: data_ingestion]: File already exists of size: ~ 11345 KB]
[2025-12-13 19:12:16,823: INFO: main]: >>>>>> Stage Data Ingestion Stage completed <<<<<<

x==========x]
[2025-12-13 19:12:16,823: INFO: main]: >>>>>> Stage Prepare Base Model Stage started <<<<<<]
[2025-12-13 19:12:16,831: INFO: common]: created directory at: artifacts]
[2025-12-13 19:12:16,831: INFO: common]: created directory at: artifacts/prepare_base_model]
[2025-12-13 19:12:17,397: WARNING: saving_api]: You are saving your model as an HDF5 file via `model.save()` or `keras.saving.save_model(model)`. This file format is considered legacy. We recommend using instead the native Keras format, e.g. `model.save('my_model.keras')` or `keras.saving.save_model(model, 'my_model.keras')`. ]
[2025-12-13 19:12:17,530: WARNING: saving_api]: You are saving your model as an HDF5 file via `model.save()` or `keras.saving.save_model(model)`. This file format is considered legacy. We recommend using instead the native Keras format, e.g. `model.save('my_model.keras')` or `keras.saving.save_model(model, 'my_model.keras')`. ]
[2025-12-13 19:12:17,633: INFO: main]: >>>>>> Stage Prepare Base Model Stage completed <<<<<<

x==========x]
[2025-12-13 19:12:17,633: INFO: main]: >>>>>> Stage Training Stage started <<<<<<]
[2025-12-13 19:12:17,633: INFO: common]: created directory at: artifacts]
[2025-12-13 19:12:17,633: INFO: common]: created directory at: artifacts\prepare_callbacks\checkpoint_dir]
[2025-12-13 19:12:17,633: INFO: common]: created directory at: artifacts\prepare_callbacks\tensorboard_log_dir]
[2025-12-13 19:12:17,633: INFO: common]: created directory at: artifacts/training]
[2025-12-13 19:12:17,951: WARNING: saving_utils]: Compiled the loaded model, but the compiled metrics have yet to be built. `model.compile_metrics` will be empty until you train or evaluate the model.]
[2025-12-13 19:12:19,219: ERROR: main]: Argument `output` must have rank (ndim) `target.ndim - 1`. Received: target.shape=(None, 2), output.shape=(None, 2)]
Traceback (most recent call last):
  File "C:\Users\User\Documents\CNN\Chicken disease\Chicken-disease-classification\main.py", line 98, in <module>
    model_trainer.main()
  File "C:\Users\User\Documents\CNN\Chicken disease\Chicken-disease-classification\src\chicken_disease_prediction\pipeline\stage_03_training.py", line 26, in main
    training.train(
  File "C:\Users\User\Documents\CNN\Chicken disease\Chicken-disease-classification\src\chicken_disease_prediction\components\training.py", line 68, in train
    self.model.fit(
  File "C:\Users\User\anaconda3\envs\chicken\Lib\site-packages\keras\src\utils\traceback_utils.py", line 122, in error_handler
    raise e.with_traceback(filtered_tb) from None
  File "C:\Users\User\anaconda3\envs\chicken\Lib\site-packages\keras\src\backend\tensorflow\nn.py", line 734, in sparse_categorical_crossentropy
    raise ValueError(
ValueError: Argument `output` must have rank (ndim) `target.ndim - 1`. Received: target.shape=(None, 2), output.shape=(None, 2)
[2025-12-13 19:15:44,947: INFO: main]: This is a log message from main.py]
[2025-12-13 19:15:44,947: INFO: main]: >>>>>> Stage Data Ingestion Stage started <<<<<<]
[2025-12-13 19:15:44,947: INFO: common]: created directory at: artifacts]
[2025-12-13 19:15:44,947: INFO: common]: created directory at: artifacts/data_ingestion]
[2025-12-13 19:15:44,947: INFO: data_ingestion]: File already exists of size: ~ 11345 KB]
[2025-12-13 19:15:45,089: INFO: main]: >>>>>> Stage Data Ingestion Stage completed <<<<<<

x==========x]
[2025-12-13 19:15:45,089: INFO: main]: >>>>>> Stage Prepare Base Model Stage started <<<<<<]
[2025-12-13 19:15:45,089: INFO: common]: created directory at: artifacts]
[2025-12-13 19:15:45,089: INFO: common]: created directory at: artifacts/prepare_base_model]
[2025-12-13 19:15:45,719: WARNING: saving_api]: You are saving your model as an HDF5 file via `model.save()` or `keras.saving.save_model(model)`. This file format is considered legacy. We recommend using instead the native Keras format, e.g. `model.save('my_model.keras')` or `keras.saving.save_model(model, 'my_model.keras')`. ]
[2025-12-13 19:15:45,892: WARNING: saving_api]: You are saving your model as an HDF5 file via `model.save()` or `keras.saving.save_model(model)`. This file format is considered legacy. We recommend using instead the native Keras format, e.g. `model.save('my_model.keras')` or `keras.saving.save_model(model, 'my_model.keras')`. ]
[2025-12-13 19:15:46,038: INFO: main]: >>>>>> Stage Prepare Base Model Stage completed <<<<<<

x==========x]
[2025-12-13 19:15:46,040: INFO: main]: >>>>>> Stage Training Stage started <<<<<<]
[2025-12-13 19:15:46,044: INFO: common]: created directory at: artifacts]
[2025-12-13 19:15:46,044: INFO: common]: created directory at: artifacts\prepare_callbacks\checkpoint_dir]
[2025-12-13 19:15:46,044: INFO: common]: created directory at: artifacts\prepare_callbacks\tensorboard_log_dir]
[2025-12-13 19:15:46,044: INFO: common]: created directory at: artifacts/training]
[2025-12-13 19:16:19,646: WARNING: saving_api]: You are saving your model as an HDF5 file via `model.save()` or `keras.saving.save_model(model)`. This file format is considered legacy. We recommend using instead the native Keras format, e.g. `model.save('my_model.keras')` or `keras.saving.save_model(model, 'my_model.keras')`. ]
[2025-12-13 19:16:20,012: WARNING: saving_api]: You are saving your model as an HDF5 file via `model.save()` or `keras.saving.save_model(model)`. This file format is considered legacy. We recommend using instead the native Keras format, e.g. `model.save('my_model.keras')` or `keras.saving.save_model(model, 'my_model.keras')`. ]
[2025-12-13 19:16:20,294: INFO: main]: >>>>>> Stage Training Stage completed <<<<<<

x==========x]
[2025-12-13 19:28:09,465: INFO: common]: created directory at: artifacts]
[2025-12-13 19:28:10,199: WARNING: saving_utils]: Compiled the loaded model, but the compiled metrics have yet to be built. `model.compile_metrics` will be empty until you train or evaluate the model.]
[2025-12-13 19:31:34,315: INFO: common]: created directory at: artifacts]
[2025-12-13 19:31:34,856: WARNING: saving_utils]: Compiled the loaded model, but the compiled metrics have yet to be built. `model.compile_metrics` will be empty until you train or evaluate the model.]
[2025-12-13 19:31:36,774: INFO: common]: json file saved at: scores.json]
[2025-12-13 19:52:34,652: INFO: main]: This is a log message from main.py]
[2025-12-13 19:52:34,652: INFO: main]: >>>>>> Stage Data Ingestion Stage started <<<<<<]
[2025-12-13 19:52:34,655: INFO: common]: created directory at: artifacts]
[2025-12-13 19:52:34,656: INFO: common]: created directory at: artifacts/data_ingestion]
[2025-12-13 19:53:17,674: INFO: data_ingestion]: artifacts/data_ingestion/data.zip download! with following info: 
Connection: close
Content-Length: 11616915
Cache-Control: max-age=300
Content-Security-Policy: default-src 'none'; style-src 'unsafe-inline'; sandbox
Content-Type: application/zip
ETag: "adf745abc03891fe493c3be264ec012691fe3fa21d861f35a27edbe6d86a76b1"
Strict-Transport-Security: max-age=31536000
X-Content-Type-Options: nosniff
X-Frame-Options: deny
X-XSS-Protection: 1; mode=block
X-GitHub-Request-Id: BD28:1D69BD:19BCD1:2B9545:693D76AC
Accept-Ranges: bytes
Date: Sat, 13 Dec 2025 14:22:38 GMT
Via: 1.1 varnish
X-Served-By: cache-sin-wsss1830078-SIN
X-Cache: MISS
X-Cache-Hits: 0
X-Timer: S1765635757.669117,VS0,VE1517
Vary: Authorization,Accept-Encoding
Access-Control-Allow-Origin: *
Cross-Origin-Resource-Policy: cross-origin
X-Fastly-Request-ID: 0b5d0a3b0237b437331b00ab1cdd66bb9c14acd2
Expires: Sat, 13 Dec 2025 14:27:38 GMT
Source-Age: 1

]
[2025-12-13 19:53:17,877: INFO: main]: >>>>>> Stage Data Ingestion Stage completed <<<<<<

x==========x]
[2025-12-13 19:53:17,878: INFO: main]: >>>>>> Stage Prepare Base Model Stage started <<<<<<]
[2025-12-13 19:53:17,880: INFO: common]: created directory at: artifacts]
[2025-12-13 19:53:17,880: INFO: common]: created directory at: artifacts/prepare_base_model]
[2025-12-13 19:53:18,827: WARNING: saving_api]: You are saving your model as an HDF5 file via `model.save()` or `keras.saving.save_model(model)`. This file format is considered legacy. We recommend using instead the native Keras format, e.g. `model.save('my_model.keras')` or `keras.saving.save_model(model, 'my_model.keras')`. ]
[2025-12-13 19:53:19,043: WARNING: saving_api]: You are saving your model as an HDF5 file via `model.save()` or `keras.saving.save_model(model)`. This file format is considered legacy. We recommend using instead the native Keras format, e.g. `model.save('my_model.keras')` or `keras.saving.save_model(model, 'my_model.keras')`. ]
[2025-12-13 19:53:19,236: INFO: main]: >>>>>> Stage Prepare Base Model Stage completed <<<<<<

x==========x]
[2025-12-13 19:53:19,236: INFO: main]: >>>>>> Stage Training Stage started <<<<<<]
[2025-12-13 19:53:19,240: INFO: common]: created directory at: artifacts]
[2025-12-13 19:53:19,240: ERROR: main]: name 'os' is not defined]
Traceback (most recent call last):
  File "C:\Users\User\Documents\CNN\Chicken disease\Chicken-disease-classification\main.py", line 100, in <module>
    model_trainer.main()
  File "C:\Users\User\Documents\CNN\Chicken disease\Chicken-disease-classification\src\chicken_disease_prediction\pipeline\stage_03_training.py", line 17, in main
    prepare_callbacks_config = config.get_prepare_callback_config()
                               ^^^^^^^^^^^^^^^^^^^^^^^^^^^^^^^^^^^^
  File "C:\Users\User\Documents\CNN\Chicken disease\Chicken-disease-classification\src\chicken_disease_prediction\config\configuration.py", line 63, in get_prepare_callback_config
    model_ckpt_dir = os.path.dirname(config.checkpoint_model_filepath)
                     ^^
NameError: name 'os' is not defined. Did you forget to import 'os'
[2025-12-13 19:55:28,598: INFO: main]: This is a log message from main.py]
[2025-12-13 19:55:28,598: INFO: main]: >>>>>> Stage Data Ingestion Stage started <<<<<<]
[2025-12-13 19:55:28,606: INFO: common]: created directory at: artifacts]
[2025-12-13 19:55:28,606: INFO: common]: created directory at: artifacts/data_ingestion]
[2025-12-13 19:55:28,607: INFO: data_ingestion]: File already exists of size: ~ 11345 KB]
[2025-12-13 19:55:28,764: INFO: main]: >>>>>> Stage Data Ingestion Stage completed <<<<<<

x==========x]
[2025-12-13 19:55:28,765: INFO: main]: >>>>>> Stage Prepare Base Model Stage started <<<<<<]
[2025-12-13 19:55:28,767: INFO: common]: created directory at: artifacts]
[2025-12-13 19:55:28,767: INFO: common]: created directory at: artifacts/prepare_base_model]
[2025-12-13 19:55:29,352: WARNING: saving_api]: You are saving your model as an HDF5 file via `model.save()` or `keras.saving.save_model(model)`. This file format is considered legacy. We recommend using instead the native Keras format, e.g. `model.save('my_model.keras')` or `keras.saving.save_model(model, 'my_model.keras')`. ]
[2025-12-13 19:55:29,492: WARNING: saving_api]: You are saving your model as an HDF5 file via `model.save()` or `keras.saving.save_model(model)`. This file format is considered legacy. We recommend using instead the native Keras format, e.g. `model.save('my_model.keras')` or `keras.saving.save_model(model, 'my_model.keras')`. ]
[2025-12-13 19:55:29,599: INFO: main]: >>>>>> Stage Prepare Base Model Stage completed <<<<<<

x==========x]
[2025-12-13 19:55:29,599: INFO: main]: >>>>>> Stage Training Stage started <<<<<<]
[2025-12-13 19:55:29,604: INFO: common]: created directory at: artifacts]
[2025-12-13 19:55:29,604: INFO: common]: created directory at: artifacts\prepare_callbacks\checkpoint_dir]
[2025-12-13 19:55:29,604: INFO: common]: created directory at: artifacts\prepare_callbacks\tensorboard_log_dir]
[2025-12-13 19:55:29,604: INFO: common]: created directory at: artifacts/training]
[2025-12-13 19:56:04,996: WARNING: saving_api]: You are saving your model as an HDF5 file via `model.save()` or `keras.saving.save_model(model)`. This file format is considered legacy. We recommend using instead the native Keras format, e.g. `model.save('my_model.keras')` or `keras.saving.save_model(model, 'my_model.keras')`. ]
[2025-12-13 19:56:05,823: WARNING: saving_api]: You are saving your model as an HDF5 file via `model.save()` or `keras.saving.save_model(model)`. This file format is considered legacy. We recommend using instead the native Keras format, e.g. `model.save('my_model.keras')` or `keras.saving.save_model(model, 'my_model.keras')`. ]
[2025-12-13 19:56:06,024: INFO: main]: >>>>>> Stage Training Stage completed <<<<<<

x==========x]
[2025-12-13 19:56:06,024: INFO: main]: >>>>>> stage Evaluation stage started <<<<<<]
[2025-12-13 19:56:06,041: INFO: common]: created directory at: artifacts]
[2025-12-13 19:56:06,041: ERROR: main]: ValidationConfig.__init__() got an unexpected keyword argument 'path_of_model']
Traceback (most recent call last):
  File "C:\Users\User\Documents\CNN\Chicken disease\Chicken-disease-classification\main.py", line 110, in <module>
    evaluation.main()
  File "C:\Users\User\Documents\CNN\Chicken disease\Chicken-disease-classification\src\chicken_disease_prediction\pipeline\stage_04_evaluation.py", line 17, in main
    val_config = config.get_validation_config()
                 ^^^^^^^^^^^^^^^^^^^^^^^^^^^^^^
  File "C:\Users\User\Documents\CNN\Chicken disease\Chicken-disease-classification\src\chicken_disease_prediction\config\configuration.py", line 101, in get_validation_config
    eval_config = EvaluationConfig(
                  ^^^^^^^^^^^^^^^^^
TypeError: ValidationConfig.__init__() got an unexpected keyword argument 'path_of_model'
[2025-12-13 19:58:56,288: INFO: main]: This is a log message from main.py]
[2025-12-13 19:58:56,288: INFO: main]: >>>>>> Stage Data Ingestion Stage started <<<<<<]
[2025-12-13 19:58:56,291: INFO: common]: created directory at: artifacts]
[2025-12-13 19:58:56,291: INFO: common]: created directory at: artifacts/data_ingestion]
[2025-12-13 19:58:56,291: INFO: data_ingestion]: File already exists of size: ~ 11345 KB]
[2025-12-13 19:58:56,449: INFO: main]: >>>>>> Stage Data Ingestion Stage completed <<<<<<

x==========x]
[2025-12-13 19:58:56,449: INFO: main]: >>>>>> Stage Prepare Base Model Stage started <<<<<<]
[2025-12-13 19:58:56,452: INFO: common]: created directory at: artifacts]
[2025-12-13 19:58:56,452: INFO: common]: created directory at: artifacts/prepare_base_model]
[2025-12-13 19:58:57,062: WARNING: saving_api]: You are saving your model as an HDF5 file via `model.save()` or `keras.saving.save_model(model)`. This file format is considered legacy. We recommend using instead the native Keras format, e.g. `model.save('my_model.keras')` or `keras.saving.save_model(model, 'my_model.keras')`. ]
[2025-12-13 19:58:57,199: WARNING: saving_api]: You are saving your model as an HDF5 file via `model.save()` or `keras.saving.save_model(model)`. This file format is considered legacy. We recommend using instead the native Keras format, e.g. `model.save('my_model.keras')` or `keras.saving.save_model(model, 'my_model.keras')`. ]
[2025-12-13 19:58:57,298: INFO: main]: >>>>>> Stage Prepare Base Model Stage completed <<<<<<

x==========x]
[2025-12-13 19:58:57,298: INFO: main]: >>>>>> Stage Training Stage started <<<<<<]
[2025-12-13 19:58:57,310: INFO: common]: created directory at: artifacts]
[2025-12-13 19:58:57,311: INFO: common]: created directory at: artifacts\prepare_callbacks\checkpoint_dir]
[2025-12-13 19:58:57,311: INFO: common]: created directory at: artifacts\prepare_callbacks\tensorboard_log_dir]
[2025-12-13 19:58:57,312: INFO: common]: created directory at: artifacts/training]
[2025-12-13 19:59:30,388: WARNING: saving_api]: You are saving your model as an HDF5 file via `model.save()` or `keras.saving.save_model(model)`. This file format is considered legacy. We recommend using instead the native Keras format, e.g. `model.save('my_model.keras')` or `keras.saving.save_model(model, 'my_model.keras')`. ]
[2025-12-13 19:59:30,723: WARNING: saving_api]: You are saving your model as an HDF5 file via `model.save()` or `keras.saving.save_model(model)`. This file format is considered legacy. We recommend using instead the native Keras format, e.g. `model.save('my_model.keras')` or `keras.saving.save_model(model, 'my_model.keras')`. ]
[2025-12-13 19:59:31,019: INFO: main]: >>>>>> Stage Training Stage completed <<<<<<

x==========x]
[2025-12-13 19:59:31,019: INFO: main]: >>>>>> stage Evaluation stage started <<<<<<]
[2025-12-13 19:59:31,023: INFO: common]: created directory at: artifacts]
[2025-12-13 19:59:31,485: WARNING: saving_utils]: Compiled the loaded model, but the compiled metrics have yet to be built. `model.compile_metrics` will be empty until you train or evaluate the model.]
[2025-12-13 19:59:32,199: ERROR: main]: Argument `output` must have rank (ndim) `target.ndim - 1`. Received: target.shape=(None, 2), output.shape=(None, 2)]
Traceback (most recent call last):
  File "C:\Users\User\Documents\CNN\Chicken disease\Chicken-disease-classification\main.py", line 110, in <module>
    evaluation.main()
  File "C:\Users\User\Documents\CNN\Chicken disease\Chicken-disease-classification\src\chicken_disease_prediction\pipeline\stage_04_evaluation.py", line 19, in main
    evaluation.evaluation()
  File "C:\Users\User\Documents\CNN\Chicken disease\Chicken-disease-classification\src\chicken_disease_prediction\components\evaluation.py", line 46, in evaluation
    self.score = model.evaluate(self.valid_generator)
                 ^^^^^^^^^^^^^^^^^^^^^^^^^^^^^^^^^^^^
  File "C:\Users\User\anaconda3\envs\chicken\Lib\site-packages\keras\src\utils\traceback_utils.py", line 122, in error_handler
    raise e.with_traceback(filtered_tb) from None
  File "C:\Users\User\anaconda3\envs\chicken\Lib\site-packages\keras\src\backend\tensorflow\nn.py", line 734, in sparse_categorical_crossentropy
    raise ValueError(
ValueError: Argument `output` must have rank (ndim) `target.ndim - 1`. Received: target.shape=(None, 2), output.shape=(None, 2)
[2025-12-13 20:05:49,098: INFO: main]: This is a log message from main.py]
[2025-12-13 20:05:49,098: INFO: main]: >>>>>> Stage Data Ingestion Stage started <<<<<<]
[2025-12-13 20:05:49,113: INFO: common]: created directory at: artifacts]
[2025-12-13 20:05:49,113: INFO: common]: created directory at: artifacts/data_ingestion]
[2025-12-13 20:05:49,114: INFO: data_ingestion]: File already exists of size: ~ 11345 KB]
[2025-12-13 20:05:49,265: INFO: main]: >>>>>> Stage Data Ingestion Stage completed <<<<<<

x==========x]
[2025-12-13 20:05:49,265: INFO: main]: >>>>>> Stage Prepare Base Model Stage started <<<<<<]
[2025-12-13 20:05:49,267: INFO: common]: created directory at: artifacts]
[2025-12-13 20:05:49,268: INFO: common]: created directory at: artifacts/prepare_base_model]
[2025-12-13 20:05:49,850: WARNING: saving_api]: You are saving your model as an HDF5 file via `model.save()` or `keras.saving.save_model(model)`. This file format is considered legacy. We recommend using instead the native Keras format, e.g. `model.save('my_model.keras')` or `keras.saving.save_model(model, 'my_model.keras')`. ]
[2025-12-13 20:05:49,990: WARNING: saving_api]: You are saving your model as an HDF5 file via `model.save()` or `keras.saving.save_model(model)`. This file format is considered legacy. We recommend using instead the native Keras format, e.g. `model.save('my_model.keras')` or `keras.saving.save_model(model, 'my_model.keras')`. ]
[2025-12-13 20:05:50,099: INFO: main]: >>>>>> Stage Prepare Base Model Stage completed <<<<<<

x==========x]
[2025-12-13 20:05:50,099: INFO: main]: >>>>>> Stage Training Stage started <<<<<<]
[2025-12-13 20:05:50,099: INFO: common]: created directory at: artifacts]
[2025-12-13 20:05:50,099: INFO: common]: created directory at: artifacts\prepare_callbacks\checkpoint_dir]
[2025-12-13 20:05:50,099: INFO: common]: created directory at: artifacts\prepare_callbacks\tensorboard_log_dir]
[2025-12-13 20:05:50,099: INFO: common]: created directory at: artifacts/training]
[2025-12-13 20:06:22,798: WARNING: saving_api]: You are saving your model as an HDF5 file via `model.save()` or `keras.saving.save_model(model)`. This file format is considered legacy. We recommend using instead the native Keras format, e.g. `model.save('my_model.keras')` or `keras.saving.save_model(model, 'my_model.keras')`. ]
[2025-12-13 20:06:23,699: WARNING: saving_api]: You are saving your model as an HDF5 file via `model.save()` or `keras.saving.save_model(model)`. This file format is considered legacy. We recommend using instead the native Keras format, e.g. `model.save('my_model.keras')` or `keras.saving.save_model(model, 'my_model.keras')`. ]
[2025-12-13 20:06:23,893: INFO: main]: >>>>>> Stage Training Stage completed <<<<<<

x==========x]
[2025-12-13 20:06:23,894: INFO: main]: >>>>>> stage Evaluation stage started <<<<<<]
[2025-12-13 20:06:23,896: INFO: common]: created directory at: artifacts]
[2025-12-13 20:06:26,665: INFO: common]: json file saved at: scores.json]
[2025-12-13 20:06:26,666: INFO: main]: >>>>>> stage Evaluation stage completed <<<<<<

x==========x]
[2025-12-13 20:30:21,030: INFO: stage_01_data_ingestion]: >>>>>> Stage Data Ingestion Stage started <<<<<<]
[2025-12-13 20:30:21,033: INFO: common]: created directory at: artifacts]
[2025-12-13 20:30:21,033: INFO: common]: created directory at: artifacts/data_ingestion]
[2025-12-13 20:31:32,194: INFO: data_ingestion]: artifacts/data_ingestion/data.zip download! with following info: 
Connection: close
Content-Length: 11616915
Cache-Control: max-age=300
Content-Security-Policy: default-src 'none'; style-src 'unsafe-inline'; sandbox
Content-Type: application/zip
ETag: "adf745abc03891fe493c3be264ec012691fe3fa21d861f35a27edbe6d86a76b1"
Strict-Transport-Security: max-age=31536000
X-Content-Type-Options: nosniff
X-Frame-Options: deny
X-XSS-Protection: 1; mode=block
X-GitHub-Request-Id: BD28:1D69BD:19BCD1:2B9545:693D76AC
Accept-Ranges: bytes
Date: Sat, 13 Dec 2025 15:00:22 GMT
Via: 1.1 varnish
X-Served-By: cache-sin-wsss1830032-SIN
X-Cache: HIT
X-Cache-Hits: 0
X-Timer: S1765638022.202627,VS0,VE244
Vary: Authorization,Accept-Encoding
Access-Control-Allow-Origin: *
Cross-Origin-Resource-Policy: cross-origin
X-Fastly-Request-ID: 6cf129a4f6391889f8f40fa54784fd0d5e9c0ead
Expires: Sat, 13 Dec 2025 15:05:22 GMT
Source-Age: 0

]
[2025-12-13 20:31:32,407: INFO: stage_01_data_ingestion]: >>>>>> Stage Data Ingestion Stage completed <<<<<<

x==========x]
[2025-12-13 20:31:39,437: INFO: stage_02_prepare_base_model]: >>>>>> Stage Prepare Base Model Stage started <<<<<<]
[2025-12-13 20:31:39,441: INFO: common]: created directory at: artifacts]
[2025-12-13 20:31:39,442: INFO: common]: created directory at: artifacts/prepare_base_model]
[2025-12-13 20:31:40,446: WARNING: saving_api]: You are saving your model as an HDF5 file via `model.save()` or `keras.saving.save_model(model)`. This file format is considered legacy. We recommend using instead the native Keras format, e.g. `model.save('my_model.keras')` or `keras.saving.save_model(model, 'my_model.keras')`. ]
[2025-12-13 20:31:40,695: WARNING: saving_api]: You are saving your model as an HDF5 file via `model.save()` or `keras.saving.save_model(model)`. This file format is considered legacy. We recommend using instead the native Keras format, e.g. `model.save('my_model.keras')` or `keras.saving.save_model(model, 'my_model.keras')`. ]
[2025-12-13 20:31:40,895: INFO: stage_02_prepare_base_model]: >>>>>> Stage Prepare Base Model Stage completed <<<<<<

x==========x]
[2025-12-13 20:31:46,742: INFO: stage_03_training]: *******************]
[2025-12-13 20:31:46,743: INFO: stage_03_training]: >>>>>> stage Training started <<<<<<]
[2025-12-13 20:31:46,747: INFO: common]: created directory at: artifacts]
[2025-12-13 20:31:46,748: INFO: common]: created directory at: artifacts\prepare_callbacks\checkpoint_dir]
[2025-12-13 20:31:46,749: INFO: common]: created directory at: artifacts\prepare_callbacks\tensorboard_log_dir]
[2025-12-13 20:31:46,749: INFO: common]: created directory at: artifacts/training]
[2025-12-13 20:32:27,742: WARNING: saving_api]: You are saving your model as an HDF5 file via `model.save()` or `keras.saving.save_model(model)`. This file format is considered legacy. We recommend using instead the native Keras format, e.g. `model.save('my_model.keras')` or `keras.saving.save_model(model, 'my_model.keras')`. ]
[2025-12-13 20:32:28,237: WARNING: saving_api]: You are saving your model as an HDF5 file via `model.save()` or `keras.saving.save_model(model)`. This file format is considered legacy. We recommend using instead the native Keras format, e.g. `model.save('my_model.keras')` or `keras.saving.save_model(model, 'my_model.keras')`. ]
[2025-12-13 20:32:28,625: INFO: stage_03_training]: >>>>>> stage Training completed <<<<<<

x==========x]
[2025-12-13 20:32:36,211: INFO: stage_04_evaluation]: *******************]
[2025-12-13 20:32:36,211: INFO: stage_04_evaluation]: >>>>>> stage Evaluation stage started <<<<<<]
[2025-12-13 20:32:36,216: INFO: common]: created directory at: artifacts]
[2025-12-13 20:32:41,825: INFO: common]: json file saved at: scores.json]
[2025-12-13 20:32:41,826: INFO: stage_04_evaluation]: >>>>>> stage Evaluation stage completed <<<<<<

x==========x]
[2025-12-13 20:46:56,853: INFO: _internal]: [31m[1mWARNING: This is a development server. Do not use it in a production deployment. Use a production WSGI server instead.[0m
 * Running on all addresses (0.0.0.0)
 * Running on http://127.0.0.1:80
 * Running on http://192.168.76.27:80]
[2025-12-13 20:46:56,853: INFO: _internal]: [33mPress CTRL+C to quit[0m]
[2025-12-13 20:47:32,245: INFO: _internal]: 127.0.0.1 - - [13/Dec/2025 20:47:32] "GET / HTTP/1.1" 200 -]
[2025-12-13 20:47:44,535: INFO: _internal]: 192.168.76.27 - - [13/Dec/2025 20:47:44] "GET / HTTP/1.1" 200 -]
[2025-12-13 20:50:04,944: INFO: _internal]: 127.0.0.1 - - [13/Dec/2025 20:50:04] "GET / HTTP/1.1" 200 -]
[2025-12-13 20:50:41,338: WARNING: saving_utils]: Compiled the loaded model, but the compiled metrics have yet to be built. `model.compile_metrics` will be empty until you train or evaluate the model.]
[2025-12-13 20:50:42,638: INFO: _internal]: 127.0.0.1 - - [13/Dec/2025 20:50:42] "POST /predict HTTP/1.1" 200 -]
[2025-12-13 20:50:54,021: WARNING: saving_utils]: Compiled the loaded model, but the compiled metrics have yet to be built. `model.compile_metrics` will be empty until you train or evaluate the model.]
[2025-12-13 20:50:55,431: INFO: _internal]: 127.0.0.1 - - [13/Dec/2025 20:50:55] "POST /predict HTTP/1.1" 200 -]
[2025-12-13 20:51:04,638: WARNING: saving_utils]: Compiled the loaded model, but the compiled metrics have yet to be built. `model.compile_metrics` will be empty until you train or evaluate the model.]
[2025-12-13 20:51:05,954: INFO: _internal]: 127.0.0.1 - - [13/Dec/2025 20:51:05] "POST /predict HTTP/1.1" 200 -]
[2025-12-13 20:51:43,540: INFO: main]: This is a log message from main.py]
[2025-12-13 20:51:43,540: INFO: main]: >>>>>> Stage Data Ingestion Stage started <<<<<<]
[2025-12-13 20:51:43,548: INFO: common]: created directory at: artifacts]
[2025-12-13 20:51:43,548: INFO: common]: created directory at: artifacts/data_ingestion]
[2025-12-13 20:51:43,550: INFO: data_ingestion]: File already exists of size: ~ 11345 KB]
[2025-12-13 20:51:43,878: INFO: main]: >>>>>> Stage Data Ingestion Stage completed <<<<<<

x==========x]
[2025-12-13 20:51:43,886: INFO: main]: >>>>>> Stage Prepare Base Model Stage started <<<<<<]
[2025-12-13 20:51:43,886: INFO: common]: created directory at: artifacts]
[2025-12-13 20:51:43,886: INFO: common]: created directory at: artifacts/prepare_base_model]
[2025-12-13 20:51:45,008: WARNING: saving_api]: You are saving your model as an HDF5 file via `model.save()` or `keras.saving.save_model(model)`. This file format is considered legacy. We recommend using instead the native Keras format, e.g. `model.save('my_model.keras')` or `keras.saving.save_model(model, 'my_model.keras')`. ]
[2025-12-13 20:51:45,225: WARNING: saving_api]: You are saving your model as an HDF5 file via `model.save()` or `keras.saving.save_model(model)`. This file format is considered legacy. We recommend using instead the native Keras format, e.g. `model.save('my_model.keras')` or `keras.saving.save_model(model, 'my_model.keras')`. ]
[2025-12-13 20:51:45,391: INFO: main]: >>>>>> Stage Prepare Base Model Stage completed <<<<<<

x==========x]
[2025-12-13 20:51:45,391: INFO: main]: >>>>>> Stage Training Stage started <<<<<<]
[2025-12-13 20:51:45,399: INFO: common]: created directory at: artifacts]
[2025-12-13 20:51:45,399: INFO: common]: created directory at: artifacts\prepare_callbacks\checkpoint_dir]
[2025-12-13 20:51:45,399: INFO: common]: created directory at: artifacts\prepare_callbacks\tensorboard_log_dir]
[2025-12-13 20:51:45,399: INFO: common]: created directory at: artifacts/training]
[2025-12-13 20:52:32,957: WARNING: saving_api]: You are saving your model as an HDF5 file via `model.save()` or `keras.saving.save_model(model)`. This file format is considered legacy. We recommend using instead the native Keras format, e.g. `model.save('my_model.keras')` or `keras.saving.save_model(model, 'my_model.keras')`. ]
[2025-12-13 20:52:34,972: WARNING: saving_api]: You are saving your model as an HDF5 file via `model.save()` or `keras.saving.save_model(model)`. This file format is considered legacy. We recommend using instead the native Keras format, e.g. `model.save('my_model.keras')` or `keras.saving.save_model(model, 'my_model.keras')`. ]
[2025-12-13 20:52:35,378: INFO: main]: >>>>>> Stage Training Stage completed <<<<<<

x==========x]
[2025-12-13 20:52:35,378: INFO: main]: >>>>>> stage Evaluation stage started <<<<<<]
[2025-12-13 20:52:35,387: INFO: common]: created directory at: artifacts]
[2025-12-13 20:52:41,660: INFO: common]: json file saved at: scores.json]
[2025-12-13 20:52:41,660: INFO: main]: >>>>>> stage Evaluation stage completed <<<<<<

x==========x]
